2
6
7
7
16
21
22
26
27
27
27
28
29
32
33
36
40
42
49
51
52
52
59
66
67
73
75
80
81
82
83
85
87
87
93
94
98
100
102
107
117
120
121
123
128
129
131
132
132
134
135
140
147
148
152
156
159
164
166
167
167
174
181
181
183
187
187
193
195
195
199
200
202
206
208
210
217
218
221
223
226
229
230
232
235
236
237
238
239
239
252
255
256
257
259
262
265
265
267
267
268
275
277
280
281
283
283
290
291
295
298
299
301
302
303
303
308
308
313
313
327
331
333
335
336
336
338
338
340
343
345
351
352
353
356
357
358
376
380
385
387
387
389
390
393
394
395
396
404
405
408
410
412
418
421
421
429
433
435
436
438
438
439
440
446
447
450
455
456
460
461
462
462
464
465
469
475
478
480
480
480
481
482
498
509
515
524
524
532
534
534
534
540
545
545
548
552
553
554
555
556
558
558
566
569
571
573
573
574
575
575
577
581
582
587
589
590
594
595
598
603
606
607
611
611
611
614
617
623
627
628
630
632
633
634
636
637
641
642
645
646
647
649
651
656
657
658
658
658
664
664
665
666
670
676
681
685
685
687
690
693
694
698
700
701
705
709
712
716
719
719
724
725
728
731
738
739
749
750
755
756
760
761
761
763
764
764
767
771
779
780
785
787
795
798
798
803
805
814
815
817
817
823
825
825
826
826
827
829
832
837
839
840
844
845
845
851
852
856
857
858
860
861
867
867
874
874
885
885
886
886
888
890
894
898
898
899
905
907
910
910
910
914
916
917
920
920
920
921
924
924
924
927
936
939
940
946
947
955
956
964
968
970
971
971
973
976
977
977
988
993
994
995
995
996
996
997
1000
1002
1002
1004
1004
1008
1011
1012
1016
1021
1022
1025
1028
1032
1032
1032
1035
1036
1036
1039
1045
1045
1045
1046
1051
1054
1054
1063
1072
1074
1080
1082
1089
1098
1099
1102
1108
1119
1119
1120
1124
1124
1126
1128
1132
1132
1134
1135
1136
1137
1139
1146
1147
1151
1154
1163
1164
1166
1168
1170
1172
1174
1176
1181
1182
1188
1188
1190
1192
1193
1209
1213
1217
1219
1222
1224
1227
1228
1229
1230
1232
1235
1236
1236
1238
1244
1245
1249
1253
1257
1259
1259
1262
1266
1268
1269
1270
1272
1273
1275
1276
1280
1287
1288
1290
1291
1291
1293
1295
1302
1302
1305
1307
1314
1314
1320
1327
1331
1334
1335
1336
1339
1345
1348
1349
1349
1350
1352
1357
1359
1359
1360
1365
1365
1369
1371
1372
1373
1375
1376
1381
1383
1385
1387
1388
1391
1396
1397
1401
1407
1410
1416
1429
1432
1432
1436
1437
1439
1443
1452
1452
1458
1465
1466
1466
1467
1468
1470
1476
1478
1478
1478
1478
1481
1483
1485
1485
1485
1489
1494
1495
1499
1503
1505
1510
1511
1521
1521
1522
1522
1523
1523
1525
1532
1534
1535
1540
1553
1553
1557
1559
1559
1561
1572
1573
1577
1578
1580
1580
1583
1584
1585
1587
1589
1594
1595
1596
1597
1600
1601
1603
1608
1610
1613
1618
1620
1624
1625
1628
1630
1634
1639
1644
1645
1649
1650
1655
1656
1657
1660
1663
1664
1667
1667
1680
1680
1681
1684
1691
1694
1695
1695
1697
1698
1707
1707
1708
1709
1709
1712
1721
1722
1724
1724
1726
1729
1732
1739
1746
1751
1756
1761
1777
1779
1782
1782
1782
1783
1786
1792
1794
1800
1803
1808
1809
1816
1821
1826
1833
1835
1841
1842
1842
1846
1850
1853
1853
1857
1859
1861
1863
1865
1868
1879
1881
1883
1885
1885
1888
1890
1890
1896
1901
1916
1916
1918
1919
1919
1930
1936
1937
1937
1938
1947
1949
1949
1954
1954
1956
1960
1962
1965
1967
1975
1976
1978
1978
1980
1983
1983
1985
1987
1987
1987
1989
1990
1992
1994
1994
1995
1998
2000
2002
2003
2003
2006
2008
2009
2009
2015
2016
2022
2024
2028
2028
2029
2029
2030
2030
2031
2036
2039
2042
2048
2055
2057
2058
2059
2061
2065
2068
2069
2070
2072
2073
2076
2077
2077
2077
2078
2084
2088
2089
2090
2091
2093
2096
2100
2105
2106
2111
2114
2116
2116
2118
2122
2123
2128
2132
2132
2152
2159
2166
2172
2173
2178
2182
2187
2187
2195
2207
2207
2208
2209
2210
2216
2218
2219
2221
2221
2221
2222
2222
2223
2223
2226
2227
2231
2235
2238
2241
2244
2244
2246
2249
2249
2252
2254
2256
2257
2263
2263
2264
2267
2269
2274
2276
2277
2277
2277
2280
2283
2284
2294
2297
2298
2299
2299
2299
2304
2306
2306
2306
2311
2311
2314
2324
2328
2330
2332
2337
2342
2345
2346
2350
2351
2352
2363
2374
2375
2377
2381
2390
2391
2393
2393
2397
2401
2404
2406
2408
2409
2411
2414
2415
2415
2417
2418
2419
2423
2423
2424
2430
2431
2432
2440
2445
2450
2450
2453
2454
2459
2464
2466
2468
2469
2469
2472
2478
2479
2482
2483
2488
2494
2495
2502
2502
2503
2507
2508
2511
2512
2514
2517
2519
2521
2524
2532
2542
2546
2548
2554
2556
2560
2565
2567
2567
2568
2570
2573
2574
2575
2576
2583
2584
2589
2592
2593
2602
2603
2604
2606
2606
2609
2612
2612
2615
2616
2622
2622
2624
2624
2624
2625
2630
2631
2635
2641
2643
2645
2651
2651
2656
2656
2657
2659
2659
2661
2662
2663
2668
2668
2674
2675
2678
2680
2682
2683
2692
2694
2695
2697
2698
2699
2701
2705
2709
2711
2712
2720
2721
2721
2723
2724
2724
2726
2727
2729
2730
2731
2732
2732
2732
2734
2740
2740
2743
2745
2747
2749
2754
2760
2762
2762
2763
2763
2765
2766
2770
2772
2780
2796
2797
2801
2802
2809
2815
2823
2823
2823
2827
2827
2828
2829
2831
2831
2834
2837
2839
2841
2844
2846
2847
2850
2851
2852
2856
2856
2860
2860
2862
2868
2872
2891
2894
2896
2901
2901
2902
2908
2910
2915
2916
2924
2929
2930
2930
2932
2936
2936
2939
2941
2942
2943
2945
2947
2949
2950
2951
2960
2962
2964
2969
2974
2974
2974
2975
2976
2979
2981
2983
2997
2997
3003
3005
3007
3009
3009
3011
3016
3022
3025
3025
3026
3031
3033
3036
3036
3036
3039
3048
3049
3052
3052
3060
3061
3075
3075
3075
3082
3084
3090
3101
3102
3107
3108
3109
3115
3116
3119
3120
3125
3128
3130
3131
3138
3141
3144
3148
3149
3153
3162
3163
3170
3176
3176
3177
3179
3180
3181
3181
3186
3191
3193
3194
3195
3197
3200
3203
3204
3204
3210
3210
3211
3212
3215
3216
3216
3216
3218
3218
3219
3221
3222
3226
3229
3229
3233
3241
3242
3245
3249
3253
3257
3262
3264
3264
3267
3268
3273
3274
3274
3287
3291
3293
3295
3301
3304
3308
3309
3317
3320
3322
3327
3329
3330
3332
3333
3337
3338
3338
3338
3341
3343
3343
3346
3347
3352
3354
3355
3357
3357
3362
3363
3364
3366
3367
3371
3371
3375
3379
3380
3381
3381
3382
3383
3386
3388
3388
3391
3391
3392
3394
3395
3400
3404
3405
3407
3408
3410
3412
3413
3416
3417
3421
3427
3432
3436
3437
3441
3441
3444
3452
3453
3454
3456
3458
3462
3463
3465
3466
3469
3470
3473
3476
3479
3479
3479
3480
3483
3488
3489
3490
3491
3497
3498
3498
3505
3509
3513
3518
3520
3531
3532
3538
3539
3543
3544
3546
3548
3550
3551
3552
3555
3562
3565
3566
3577
3584
3584
3587
3591
3594
3598
3599
3601
3601
3603
3604
3608
3610
3610
3613
3614
3616
3616
3617
3619
3620
3620
3623
3627
3628
3629
3630
3641
3642
3642
3643
3646
3653
3656
3656
3657
3658
3658
3663
3666
3673
3677
3679
3687
3687
3687
3693
3694
3696
3696
3699
3699
3702
3703
3706
3707
3708
3712
3712
3713
3713
3722
3725
3726
3726
3729
3733
3735
3737
3738
3740
3743
3744
3749
3750
3753
3755
3757
3759
3760
3770
3772
3778
3780
3786
3786
3788
3789
3791
3794
3795
3796
3797
3797
3799
3804
3810
3821
3822
3828
3829
3830
3832
3832
3833
3835
3837
3842
3842
3851
3852
3854
3856
3857
3860
3860
3862
3864
3864
3866
3869
3873
3874
3881
3881
3882
3882
3884
3890
3891
3892
3894
3896
3905
3908
3909
3910
3910
3912
3916
3918
3926
3926
3933
3934
3934
3936
3937
3942
3946
3949
3953
3955
3955
3959
3966
3967
3969
3969
3971
3973
3980
3983
3984
3987
3989
3994
3995
3997
3998
3999
3999
3999
4000
4006
4006
4007
4008
4008
4012
4016
4016
4019
4022
4023
4024
4027
4031
4031
4033
4041
4041
4041
4043
4047
4047
4049
4056
4057
4057
4058
4060
4062
4062
4066
4068
4069
4070
4071
4075
4081
4085
4087
4088
4090
4096
4097
4098
4103
4110
4112
4112
4114
4119
4121
4121
4123
4127
4136
4138
4138
4138
4141
4149
4150
4153
4154
4155
4158
4160
4161
4161
4166
4170
4172
4172
4173
4180
4181
4182
4184
4185
4191
4192
4195
4196
4197
4198
4199
4200
4201
4204
4209
4219
4221
4222
4229
4230
4231
4233
4235
4236
4237
4237
4239
4240
4248
4251
4254
4256
4262
4271
4276
4279
4279
4280
4283
4288
4289
4297
4311
4313
4316
4318
4325
4326
4328
4331
4332
4334
4335
4335
4340
4342
4343
4345
4347
4348
4351
4352
4353
4357
4358
4358
4360
4363
4364
4365
4375
4382
4383
4384
4384
4384
4385
4388
4390
4391
4391
4393
4394
4395
4396
4403
4404
4406
4408
4410
4411
4414
4415
4420
4422
4422
4427
4436
4438
4438
4440
4441
4442
4447
4450
4451
4459
4465
4469
4479
4480
4480
4481
4484
4485
4488
4489
4489
4494
4495
4496
4500
4502
4503
4507
4510
4511
4513
4516
4516
4517
4521
4522
4523
4525
4528
4533
4535
4536
4537
4538
4538
4541
4541
4542
4543
4546
4546
4549
4553
4558
4558
4558
4559
4565
4569
4570
4577
4579
4580
4580
4583
4584
4586
4588
4596
4597
4598
4604
4604
4605
4611
4617
4618
4621
4626
4628
4632
4639
4643
4643
4645
4646
4646
4647
4649
4650
4654
4654
4654
4656
4660
4670
4673
4678
4686
4692
4694
4696
4696
4698
4700
4701
4713
4713
4713
4719
4719
4720
4721
4722
4724
4730
4731
4732
4734
4736
4738
4750
4751
4752
4753
4755
4757
4764
4767
4770
4772
4774
4775
4777
4780
4780
4785
4789
4789
4792
4794
4798
4802
4803
4806
4808
4811
4820
4820
4821
4830
4834
4838
4839
4840
4843
4849
4849
4850
4850
4852
4852
4854
4857
4860
4860
4860
4862
4863
4863
4864
4868
4871
4871
4874
4876
4878
4886
4886
4888
4888
4888
4890
4891
4891
4893
4901
4904
4909
4915
4917
4926
4926
4926
4928
4928
4934
4934
4949
4952
4959
4962
4963
4963
4964
4966
4968
4970
4974
4980
4981
4982
4982
4984
4984
4988
4990
4992
4992
4995
5000
5000
5003
5010
5015
5018
5018
5022
5023
5028
5031
5032
5033
5033
5034
5035
5035
5037
5038
5039
5039
5042
5044
5047
5048
5061
5063
5066
5067
5069
5069
5070
5070
5071
5073
5076
5080
5084
5085
5086
5088
5088
5093
5093
5095
5097
5097
5099
5101
5102
5104
5110
5113
5114
5116
5117
5118
5121
5124
5125
5125
5126
5131
5132
5139
5143
5154
5154
5159
5166
5167
5169
5171
5174
5174
5178
5183
5186
5187
5188
5190
5191
5192
5195
5196
5198
5198
5200
5201
5201
5204
5205
5206
5210
5213
5215
5216
5219
5219
5220
5223
5230
5230
5236
5236
5238
5239
5240
5242
5245
5245
5250
5251
5256
5259
5261
5271
5271
5272
5275
5276
5277
5279
5279
5279
5280
5282
5285
5299
5302
5305
5310
5313
5313
5314
5315
5321
5322
5326
5327
5330
5336
5339
5339
5342
5343
5351
5351
5353
5354
5355
5358
5366
5367
5370
5379
5382
5387
5388
5388
5389
5390
5393
5393
5396
5396
5399
5405
5408
5418
5431
5433
5434
5435
5436
5440
5442
5444
5450
5450
5454
5454
5455
5455
5459
5462
5465
5466
5469
5470
5471
5474
5475
5480
5485
5492
5492
5493
5493
5494
5494
5495
5502
5503
5504
5505
5506
5510
5511
5512
5519
5529
5534
5537
5537
5539
5541
5547
5549
5549
5549
5550
5550
5558
5564
5565
5569
5572
5573
5578
5579
5581
5587
5587
5588
5592
5598
5598
5603
5603
5607
5616
5619
5620
5623
5624
5625
5629
5631
5631
5632
5642
5649
5649
5650
5655
5656
5658
5659
5660
5661
5661
5661
5665
5668
5671
5672
5683
5686
5688
5688
5691
5692
5696
5699
5700
5701
5705
5706
5706
5718
5720
5724
5726
5727
5727
5733
5734
5742
5743
5743
5744
5753
5754
5755
5756
5757
5762
5763
5765
5768
5772
5773
5773
5774
5776
5778
5781
5789
5790
5790
5808
5810
5811
5816
5818
5821
5822
5826
5826
5830
5831
5833
5834
5835
5839
5845
5847
5847
5848
5848
5850
5855
5857
5857
5861
5868
5873
5873
5875
5878
5880
5881
5882
5889
5895
5898
5899
5901
5902
5909
5911
5914
5916
5922
5924
5925
5932
5933
5935
5937
5939
5943
5943
5952
5954
5960
5961
5964
5967
5971
5972
5973
5973
5974
5978
5979
5979
5986
5990
5990
5992
5995
5999
6001
6002
6014
6015
6015
6018
6018
6021
6022
6023
6023
6024
6027
6033
6035
6042
6047
6052
6054
6058
6058
6067
6070
6071
6072
6075
6077
6078
6079
6079
6084
6091
6100
6101
6103
6108
6114
6119
6124
6125
6129
6132
6132
6133
6133
6136
6141
6148
6150
6153
6167
6167
6167
6168
6170
6170
6172
6173
6179
6184
6186
6188
6191
6195
6195
6204
6209
6211
6214
6215
6215
6224
6228
6231
6231
6235
6235
6237
6238
6241
6243
6246
6246
6248
6248
6249
6255
6264
6267
6273
6276
6277
6285
6286
6286
6292
6295
6295
6296
6296
6300
6305
6309
6310
6315
6315
6316
6318
6322
6324
6329
6331
6338
6347
6349
6350
6357
6357
6362
6363
6365
6369
6375
6376
6377
6378
6378
6379
6383
6385
6387
6387
6389
6391
6393
6395
6395
6399
6399
6402
6403
6409
6411
6412
6413
6416
6421
6424
6426
6429
6431
6432
6436
6437
6440
6442
6443
6443
6444
6445
6447
6449
6451
6454
6459
6461
6466
6466
6467
6468
6474
6480
6482
6485
6485
6488
6489
6496
6498
6498
6499
6500
6501
6503
6504
6505
6510
6529
6531
6534
6534
6534
6535
6536
6539
6542
6549
6555
6556
6556
6563
6567
6568
6570
6579
6580
6583
6583
6584
6589
6593
6594
6594
6599
6601
6602
6602
6604
6610
6618
6620
6621
6625
6627
6628
6629
6630
6631
6632
6634
6635
6636
6640
6647
6647
6648
6653
6655
6659
6661
6662
6664
6668
6670
6671
6674
6681
6683
6685
6688
6688
6694
6697
6700
6701
6702
6703
6709
6709
6712
6715
6722
6722
6723
6729
6729
6729
6734
6734
6735
6735
6736
6740
6740
6742
6745
6745
6746
6751
6753
6755
6757
6757
6759
6763
6764
6765
6767
6768
6769
6772
6772
6775
6779
6782
6782
6782
6784
6784
6785
6785
6786
6786
6789
6792
6794
6797
6800
6801
6806
6811
6817
6829
6829
6832
6833
6833
6837
6839
6840
6846
6848
6849
6851
6855
6860
6861
6866
6867
6872
6882
6888
6893
6894
6897
6897
6898
6899
6900
6901
6904
6905
6906
6915
6915
6919
6923
6924
6926
6935
6936
6937
6939
6940
6942
6955
6955
6959
6961
6961
6962
6969
6980
6987
6989
6991
6996
6999
7015
7015
7020
7021
7021
7021
7030
7032
7032
7035
7037
7040
7043
7046
7047
7047
7047
7056
7061
7062
7066
7066
7067
7067
7071
7073
7073
7075
7080
7088
7089
7090
7094
7094
7095
7095
7098
7102
7102
7104
7111
7113
7113
7116
7123
7127
7128
7129
7130
7134
7135
7139
7140
7141
7142
7144
7146
7148
7155
7161
7164
7175
7176
7178
7178
7178
7181
7186
7191
7192
7195
7205
7207
7208
7214
7217
7220
7221
7222
7222
7224
7226
7229
7232
7237
7237
7241
7244
7256
7265
7265
7275
7276
7276
7277
7278
7280
7280
7281
7285
7288
7295
7295
7297
7304
7304
7315
7315
7316
7320
7329
7332
7341
7348
7354
7355
7355
7356
7361
7365
7367
7368
7371
7372
7374
7377
7378
7378
7385
7386
7392
7392
7393
7393
7394
7399
7401
7402
7405
7408
7410
7411
7411
7412
7414
7414
7416
7417
7422
7423
7429
7433
7447
7448
7450
7451
7452
7457
7459
7464
7468
7469
7471
7472
7472
7474
7475
7481
7486
7488
7490
7494
7498
7500
7503
7506
7506
7508
7509
7510
7512
7517
7518
7519
7520
7528
7538
7540
7548
7552
7566
7573
7575
7577
7580
7587
7592
7592
7592
7593
7594
7596
7596
7596
7598
7599
7603
7605
7606
7608
7609
7621
7633
7634
7635
7637
7642
7646
7650
7650
7659
7659
7659
7660
7660
7661
7663
7663
7663
7667
7667
7667
7673
7676
7683
7690
7701
7702
7704
7708
7714
7719
7719
7730
7732
7732
7732
7738
7738
7738
7740
7743
7744
7745
7746
7747
7754
7755
7755
7757
7758
7759
7760
7763
7763
7765
7765
7767
7769
7771
7779
7783
7783
7795
7797
7800
7801
7802
7804
7809
7813
7815
7819
7820
7822
7822
7825
7828
7828
7829
7831
7835
7835
7839
7843
7844
7844
7848
7849
7854
7856
7857
7861
7862
7870
7872
7875
7877
7878
7878
7879
7884
7885
7890
7890
7894
7895
7896
7896
7897
7898
7898
7901
7908
7911
7912
7913
7913
7918
7920
7925
7925
7929
7931
7934
7936
7938
7938
7941
7945
7948
7949
7950
7956
7961
7966
7971
7975
7980
7986
7986
7986
7988
7997
8008
8012
8012
8013
8017
8021
8022
8026
8033
8038
8040
8041
8042
8042
8045
8047
8047
8052
8057
8061
8065
8066
8077
8078
8080
8081
8092
8093
8094
8100
8103
8111
8113
8113
8113
8114
8114
8118
8123
8135
8137
8137
8138
8140
8141
8141
8142
8143
8147
8150
8152
8152
8152
8154
8155
8157
8165
8168
8172
8179
8184
8193
8195
8199
8201
8202
8206
8207
8208
8213
8214
8218
8224
8224
8224
8229
8232
8237
8239
8240
8242
8245
8246
8247
8249
8252
8254
8257
8257
8258
8262
8266
8269
8278
8284
8285
8286
8286
8289
8297
8300
8302
8304
8307
8308
8310
8313
8315
8316
8317
8321
8335
8337
8338
8340
8340
8341
8341
8343
8349
8350
8351
8351
8352
8356
8360
8364
8365
8365
8369
8370
8372
8375
8376
8377
8378
8379
8381
8381
8382
8385
8394
8394
8395
8399
8399
8401
8402
8403
8412
8412
8417
8417
8419
8422
8426
8426
8430
8432
8443
8447
8448
8461
8463
8463
8467
8468
8470
8474
8475
8478
8479
8482
8482
8483
8486
8490
8490
8491
8497
8500
8503
8507
8508
8508
8508
8521
8522
8525
8528
8529
8532
8540
8541
8541
8542
8547
8548
8551
8555
8559
8559
8565
8566
8572
8578
8578
8580
8580
8581
8585
8585
8585
8592
8603
8604
8612
8614
8616
8617
8619
8621
8624
8627
8631
8631
8636
8637
8640
8647
8651
8652
8653
8656
8656
8657
8657
8660
8661
8663
8665
8667
8670
8671
8671
8680
8682
8686
8686
8693
8693
8696
8699
8701
8704
8707
8709
8709
8710
8714
8714
8716
8721
8722
8727
8734
8741
8747
8752
8753
8754
8755
8756
8759
8759
8760
8764
8765
8765
8775
8776
8776
8781
8784
8790
8790
8793
8793
8797
8797
8798
8801
8803
8803
8803
8808
8814
8816
8817
8820
8822
8830
8833
8835
8844
8845
8845
8847
8848
8848
8849
8852
8855
8855
8856
8865
8868
8873
8875
8878
8878
8885
8903
8909
8909
8911
8913
8914
8919
8921
8923
8924
8925
8928
8928
8929
8930
8935
8936
8943
8943
8944
8947
8949
8950
8951
8957
8957
8958
8959
8967
8967
8977
8977
8982
8983
8984
8984
8985
8991
8998
8999
9003
9009
9010
9012
9012
9016
9016
9019
9025
9025
9026
9032
9034
9035
9036
9036
9038
9038
9042
9046
9050
9051
9052
9058
9061
9061
9063
9066
9068
9071
9073
9080
9081
9084
9094
9097
9099
9099
9099
9100
9100
9101
9103
9104
9104
9104
9107
9107
9109
9111
9114
9114
9119
9125
9126
9135
9138
9139
9148
9149
9154
9154
9155
9157
9163
9164
9167
9168
9171
9173
9180
9182
9182
9184
9190
9192
9193
9193
9198
9198
9201
9202
9216
9217
9218
9218
9219
9229
9230
9231
9236
9239
9245
9247
9253
9254
9258
9261
9262
9263
9265
9275
9279
9280
9282
9282
9283
9284
9284
9289
9291
9291
9293
9294
9296
9302
9304
9304
9305
9315
9316
9320
9324
9326
9335
9339
9340
9346
9346
9349
9350
9354
9355
9355
9362
9365
9366
9368
9371
9374
9375
9376
9377
9378
9380
9384
9387
9388
9389
9389
9390
9397
9397
9397
9399
9402
9407
9409
9409
9410
9411
9415
9416
9417
9419
9427
9428
9428
9429
9433
9437
9437
9439
9439
9440
9444
9444
9445
9447
9447
9448
9448
9454
9455
9455
9456
9456
9460
9465
9468
9470
9470
9476
9479
9487
9487
9496
9498
9499
9500
9504
9504
9517
9518
9521
9525
9530
9534
9535
9535
9537
9538
9539
9543
9543
9544
9548
9549
9550
9550
9554
9557
9558
9559
9560
9563
9564
9565
9569
9571
9572
9581
9582
9588
9588
9588
9594
9595
9602
9603
9603
9605
9609
9611
9612
9615
9619
9622
9623
9627
9628
9631
9632
9635
9640
9643
9647
9647
9647
9650
9651
9653
9654
9656
9657
9661
9665
9670
9674
9675
9677
9677
9678
9678
9683
9688
9690
9698
9699
9701
9706
9713
9713
9716
9722
9722
9722
9730
9737
9740
9742
9747
9747
9750
9751
9752
9757
9761
9761
9771
9774
9774
9775
9776
9777
9779
9781
9784
9784
9787
9789
9790
9794
9809
9811
9811
9813
9818
9819
9821
9823
9832
9834
9838
9841
9846
9847
9855
9855
9855
9855
9856
9857
9864
9866
9867
9867
9869
9870
9872
9873
9874
9874
9875
9875
9876
9877
9877
9878
9878
9879
9881
9882
9885
9887
9890
9891
9891
9892
9894
9899
9904
9905
9908
9910
9910
9912
9915
9916
9917
9923
9929
9930
9931
9932
9937
9939
9940
9942
9944
9945
9945
9950
9951
9961
9965
9966
9969
9971
9975
9978
9985
9986
9989
9990
9991
9993
9995
9996
9999
9999
10000
